<?xml version="1.0" encoding="utf-8"?><testsuites name="pytest tests"><testsuite name="pytest" errors="0" failures="0" skipped="0" tests="11" time="2.892" timestamp="2026-04-19T23:04:17.986649+00:00" hostname="agent-env-abf97c05-4bb4-4fb0-8833-37a3a2988f11"><testcase classname="backend.tests.test_tomcerto" name="test_health" time="0.313" /><testcase classname="backend.tests.test_tomcerto" name="test_root" time="0.159" /><testcase classname="backend.tests.test_tomcerto" name="test_admin_login_success" time="0.382" /><testcase classname="backend.tests.test_tomcerto" name="test_admin_login_wrong_password" time="0.332" /><testcase classname="backend.tests.test_tomcerto" name="test_admin_ui" time="0.126" /><testcase classname="backend.tests.test_tomcerto" name="test_validate_valid_token" time="0.205" /><testcase classname="backend.tests.test_tomcerto" name="test_validate_invalid_token" time="0.135" /><testcase classname="backend.tests.test_tomcerto" name="test_validate_missing_fields" time="0.102" /><testcase classname="backend.tests.test_tomcerto" name="test_admin_list_tokens" time="0.381" /><testcase classname="backend.tests.test_tomcerto" name="test_admin_create_token" time="0.471" /><testcase classname="backend.tests.test_tomcerto" name="test_admin_tokens_no_auth" time="0.108" /></testsuite></testsuites>